Id. usuario del trabajo: c3estudiante23 echo Id. del trabajo: 15811 echo Nombre del trabajo especificado por usuario: helloOMP echo Directorio de trabajo (en el que se ejecuta el script):
/home/c3estudiante23/bp0/ejer4 echo Cola: ac echo Nodo que ejecuta este trabajo:atcgrid echo Nº de nodos asignados al trabajo: 1 echo Nodos asignados al trabajo: atcgrid1 echo CPUs por nodo: 24

 1. Ejecución helloOMP una vez sin cambiar nº de threads (valor
por defecto):

(0:!!!Hello
(8:!!!Hello
(3:!!!Hello
(1:!!!Hello
(4:!!!Hello
(6:!!!Hello
(11:!!!Hello
(2:!!!Hello
(9:!!!Hello
(10:!!!Hello
(7:!!!Hello
(5:!!!Hello
0:world!!!)
 2. Ejecución helloOMP varias veces con distinto nº de threads:


 - Para 12 threads:
(0:!!!Hello
(5:!!!Hello
(9:!!!Hello
(4:!!!Hello
(2:!!!Hello
(10:!!!Hello
(11:!!!Hello
(6:!!!Hello
(3:!!!Hello
(8:!!!Hello
(7:!!!Hello
(1:!!!Hello
0:world!!!)
 - Para 6 threads:
(0:!!!Hello
(3:!!!Hello
(1:!!!Hello
(5:!!!Hello
(2:!!!Hello
(4:!!!Hello
0:world!!!)
 - Para 3 threads:
(1:!!!Hello
(2:!!!Hello
(0:!!!Hello
0:world!!!)
 - Para 1 threads:
(0:!!!Hello
0:world!!!)